Start to remove low quality data.

17 low quality lines were removed.

Start snpgdsVCF2GDS ...
	Extracting bi-allelic and polymorhpic SNPs.
	Scanning ...
	file: snphylo.output.filtered.vcf
	content: 101800 rows x 10 columns
Wed Jul 29 16:01:53 2015 	store sample id, snp id, position, and chromosome.
	start writing: 1 samples, 101619 SNPs ...
	file: snphylo.output.filtered.vcf
[1] 1
[1] 1021
[1] 2045
[1] 3066
[1] 4089
[1] 5112
[1] 6136
[1] 7160
[1] 8184
[1] 9208
[1] 10232
[1] 11255
[1] 12279
[1] 13303
[1] 14326
[1] 15347
[1] 16368
[1] 17388
[1] 18411
[1] 19434
[1] 20457
[1] 21479
[1] 22501
[1] 23525
[1] 24545
[1] 25562
[1] 26583
[1] 27602
[1] 28626
[1] 29650
[1] 30672
[1] 31693
[1] 32713
[1] 33732
[1] 34751
[1] 35774
[1] 36798
[1] 37822
[1] 38845
[1] 39868
[1] 40891
[1] 41914
[1] 42937
[1] 43958
[1] 44980
[1] 46002
[1] 47025
[1] 48046
[1] 49068
[1] 50090
[1] 51112
[1] 52134
[1] 53156
[1] 54180
[1] 55203
[1] 56225
[1] 57242
[1] 58262
[1] 59282
[1] 60303
[1] 61326
[1] 62350
[1] 63371
[1] 64392
[1] 65416
[1] 66440
[1] 67462
[1] 68486
[1] 69505
[1] 70528
[1] 71550
[1] 72571
[1] 73593
[1] 74615
[1] 75632
[1] 76652
[1] 77674
[1] 78697
[1] 79720
[1] 80741
[1] 81765
[1] 82788
[1] 83811
[1] 84835
[1] 85858
[1] 86880
[1] 87903
[1] 88926
[1] 89947
[1] 90970
[1] 91991
[1] 93014
[1] 94038
[1] 95061
[1] 96083
[1] 97104
[1] 98128
[1] 99151
[1] 100175
[1] 101196
Wed Jul 29 16:02:42 2015 	Done.
SNP pruning based on LD:
	Sliding window: 500000 basepairs, Inf SNPs
	|LD| threshold: 0.1
Removing 0 non-autosomal SNPs
Removing 96446 SNPs (monomorphic, < MAF, or > missing rate)
Working space: 1 samples, 5173 SNPs
Chromosome 1: 0.08%, 24/28721
Chromosome 2: 0.05%, 18/33125
Chromosome 3: 0.10%, 16/16344
Chromosome 4: 0.06%, 15/23429
73 SNPs are selected in total.
